[debug] [2023-03-21T03:55:14.567Z] ----------------------------------------------------------------------
[debug] [2023-03-21T03:55:14.568Z] Command:       /opt/homebrew/Cellar/node/17.8.0/bin/node /opt/homebrew/bin/firebase init
[debug] [2023-03-21T03:55:14.568Z] CLI Version:   11.24.1
[debug] [2023-03-21T03:55:14.568Z] Platform:      darwin
[debug] [2023-03-21T03:55:14.568Z] Node Version:  v17.8.0
[debug] [2023-03-21T03:55:14.568Z] Time:          Tue Mar 21 2023 11:55:14 GMT+0800 (Ulaanbaatar Standard Time)
[debug] [2023-03-21T03:55:14.568Z] ----------------------------------------------------------------------
[debug] 
[debug] [2023-03-21T03:55:14.571Z] > command requires scopes: ["email","openid","https://www.googleapis.com/auth/cloudplatformprojects.readonly","https://www.googleapis.com/auth/firebase","https://www.googleapis.com/auth/cloud-platform"]
[debug] [2023-03-21T03:55:14.571Z] > authorizing via signed-in user (archerdoc13@gmail.com)
[info] 
     ######## #### ########  ######## ########     ###     ######  ########
     ##        ##  ##     ## ##       ##     ##  ##   ##  ##       ##
     ######    ##  ########  ######   ########  #########  ######  ######
     ##        ##  ##    ##  ##       ##     ## ##     ##       ## ##
     ##       #### ##     ## ######## ########  ##     ##  ######  ########

You're about to initialize a Firebase project in this directory:

  /Users/xocoo/Desktop/Web/social-media

[info] 
=== Project Setup
[info] 
[info] First, let's associate this project directory with a Firebase project.
[info] You can create multiple project aliases by running firebase use --add, 
[info] but for now we'll just set up a default project.
[info] 
[debug] [2023-03-21T03:55:33.786Z] > refreshing access token with scopes: []
[debug] [2023-03-21T03:55:33.790Z] >>> [apiv2][query] POST https://www.googleapis.com/oauth2/v3/token [none]
[debug] [2023-03-21T03:55:33.790Z] >>> [apiv2][body] POST https://www.googleapis.com/oauth2/v3/token [omitted]
[debug] [2023-03-21T03:55:34.117Z] <<< [apiv2][status] POST https://www.googleapis.com/oauth2/v3/token 400
[debug] [2023-03-21T03:55:34.117Z] <<< [apiv2][body] POST https://www.googleapis.com/oauth2/v3/token [omitted]
[debug] [2023-03-21T03:55:34.118Z] >>> [apiv2][query] GET https://firebase.googleapis.com/v1beta1/projects pageSize=100
[debug] [2023-03-21T03:55:35.173Z] <<< [apiv2][status] GET https://firebase.googleapis.com/v1beta1/projects 401
[debug] [2023-03-21T03:55:35.174Z] <<< [apiv2][body] GET https://firebase.googleapis.com/v1beta1/projects [omitted]
[debug] [2023-03-21T03:55:35.174Z] HTTP Error: 401, Request had invalid authentication credentials. Expected OAuth 2 access token, login cookie or other valid authentication credential. See https://developers.google.com/identity/sign-in/web/devconsole-project.
[debug] [2023-03-21T03:55:35.572Z] FirebaseError: HTTP Error: 401, Request had invalid authentication credentials. Expected OAuth 2 access token, login cookie or other valid authentication credential. See https://developers.google.com/identity/sign-in/web/devconsole-project.
    at responseToError (/opt/homebrew/lib/node_modules/firebase-tools/lib/responseToError.js:49:12)
    at RetryOperation._fn (/opt/homebrew/lib/node_modules/firebase-tools/lib/apiv2.js:288:77)
    at processTicksAndRejections (node:internal/process/task_queues:96:5)
[error] 
[error] Error: Failed to list Firebase projects. See firebase-debug.log for more info.
